<?xml version="1.0" encoding="UTF-8"?>
<testsuite xmlns:xsi="http://www.w3.org/2001/XMLSchema-instance" xsi:noNamespaceSchemaLocation="https://maven.apache.org/surefire/maven-surefire-plugin/xsd/surefire-test-report-3.0.xsd" version="3.0" name="arrays.ArraysTest" time="0.122" tests="72" errors="0" skipped="0" failures="0">
  <properties>
[...]
</properties>
  <testcase name="testBinarySearchLongsBounded(long[], int, int, long, int)[1]" classname="arrays.ArraysTest" time="0.022"/>
  <testcase name="testBinarySearchLongsBounded(long[], int, int, long, int)[2]" classname="arrays.ArraysTest" time="0.002"/>
  <testcase name="testBinarySearchLongsBounded(long[], int, int, long, int)[3]" classname="arrays.ArraysTest" time="0.0"/>
  <testcase name="testBinarySearchLongsBounded(long[], int, int, long, int)[4]" classname="arrays.ArraysTest" time="0.001"/>
  <testcase name="testBinarySearchLongsBounded(long[], int, int, long, int)[5]" classname="arrays.ArraysTest" time="0.001"/>
  <testcase name="testBinarySearchLongsBounded(long[], int, int, long, int)[6]" classname="arrays.ArraysTest" time="0.0"/>
  <testcase name="testBinarySearchDoubleBounded(double[], int, int, double, int)[1]" classname="arrays.ArraysTest" time="0.003"/>
  <testcase name="testBinarySearchDoubleBounded(double[], int, int, double, int)[2]" classname="arrays.ArraysTest" time="0.001"/>
  <testcase name="testBinarySearchDoubleBounded(double[], int, int, double, int)[3]" classname="arrays.ArraysTest" time="0.001"/>
  <testcase name="testBinarySearchDoubleBounded(double[], int, int, double, int)[4]" classname="arrays.ArraysTest" time="0.0"/>
  <testcase name="testBinarySearchDoubleBounded(double[], int, int, double, int)[5]" classname="arrays.ArraysTest" time="0.001"/>
  <testcase name="testBinarySearchBytesBounded(byte[], int, int, byte, int)[1]" classname="arrays.ArraysTest" time="0.002"/>
  <testcase name="testBinarySearchBytesBounded(byte[], int, int, byte, int)[2]" classname="arrays.ArraysTest" time="0.001"/>
  <testcase name="testBinarySearchBytesBounded(byte[], int, int, byte, int)[3]" classname="arrays.ArraysTest" time="0.0"/>
  <testcase name="testBinarySearchBytesBounded(byte[], int, int, byte, int)[4]" classname="arrays.ArraysTest" time="0.0"/>
  <testcase name="testBinarySearchBytesBounded(byte[], int, int, byte, int)[5]" classname="arrays.ArraysTest" time="0.0"/>
  <testcase name="testBinarySearchBytesBounded(byte[], int, int, byte, int)[6]" classname="arrays.ArraysTest" time="0.001"/>
  <testcase name="testBinarySearchIntsBounded(int[], int, int, int, int)[1]" classname="arrays.ArraysTest" time="0.002"/>
  <testcase name="testBinarySearchIntsBounded(int[], int, int, int, int)[2]" classname="arrays.ArraysTest" time="0.0"/>
  <testcase name="testBinarySearchIntsBounded(int[], int, int, int, int)[3]" classname="arrays.ArraysTest" time="0.001"/>
  <testcase name="testBinarySearchIntsBounded(int[], int, int, int, int)[4]" classname="arrays.ArraysTest" time="0.001"/>
  <testcase name="testBinarySearchIntsBounded(int[], int, int, int, int)[5]" classname="arrays.ArraysTest" time="0.0"/>
  <testcase name="testBinarySearchIntsBounded(int[], int, int, int, int)[6]" classname="arrays.ArraysTest" time="0.0"/>
  <testcase name="testBinarySearchBytes(byte[], byte, int)[1]" classname="arrays.ArraysTest" time="0.001"/>
  <testcase name="testBinarySearchBytes(byte[], byte, int)[2]" classname="arrays.ArraysTest" time="0.001"/>
  <testcase name="testBinarySearchBytes(byte[], byte, int)[3]" classname="arrays.ArraysTest" time="0.0"/>
  <testcase name="testBinarySearchBytes(byte[], byte, int)[4]" classname="arrays.ArraysTest" time="0.0"/>
  <testcase name="testBinarySearchBytes(byte[], byte, int)[5]" classname="arrays.ArraysTest" time="0.0"/>
  <testcase name="testBinarySearchBytes(byte[], byte, int)[6]" classname="arrays.ArraysTest" time="0.001"/>
  <testcase name="testBinarySearchLongs(long[], long, int)[1]" classname="arrays.ArraysTest" time="0.002"/>
  <testcase name="testBinarySearchLongs(long[], long, int)[2]" classname="arrays.ArraysTest" time="0.0"/>
  <testcase name="testBinarySearchLongs(long[], long, int)[3]" classname="arrays.ArraysTest" time="0.0"/>
  <testcase name="testBinarySearchLongs(long[], long, int)[4]" classname="arrays.ArraysTest" time="0.0"/>
  <testcase name="testBinarySearchLongs(long[], long, int)[5]" classname="arrays.ArraysTest" time="0.0"/>
  <testcase name="testBinarySearchLongs(long[], long, int)[6]" classname="arrays.ArraysTest" time="0.0"/>
  <testcase name="testBinarySearchLongs(short[], short, int)[1]" classname="arrays.ArraysTest" time="0.001"/>
  <testcase name="testBinarySearchLongs(short[], short, int)[2]" classname="arrays.ArraysTest" time="0.0"/>
  <testcase name="testBinarySearchLongs(short[], short, int)[3]" classname="arrays.ArraysTest" time="0.0"/>
  <testcase name="testBinarySearchLongs(short[], short, int)[4]" classname="arrays.ArraysTest" time="0.0"/>
  <testcase name="testBinarySearchLongs(short[], short, int)[5]" classname="arrays.ArraysTest" time="0.0"/>
  <testcase name="testBinarySearchLongs(short[], short, int)[6]" classname="arrays.ArraysTest" time="0.001"/>
  <testcase name="testBinarySearchDouble(double[], double, int)[1]" classname="arrays.ArraysTest" time="0.001"/>
  <testcase name="testBinarySearchDouble(double[], double, int)[2]" classname="arrays.ArraysTest" time="0.0"/>
  <testcase name="testBinarySearchDouble(double[], double, int)[3]" classname="arrays.ArraysTest" time="0.001"/>
  <testcase name="testBinarySearchDouble(double[], double, int)[4]" classname="arrays.ArraysTest" time="0.0"/>
  <testcase name="testBinarySearchDouble(double[], double, int)[5]" classname="arrays.ArraysTest" time="0.001"/>
  <testcase name="testBinarySearchDouble(double[], double, int)[6]" classname="arrays.ArraysTest" time="0.0"/>
  <testcase name="testBinarySearchDouble(double[], double, int)[7]" classname="arrays.ArraysTest" time="0.001"/>
  <testcase name="testBinarySearchFloats(float[], float, int)[1]" classname="arrays.ArraysTest" time="0.001"/>
  <testcase name="testBinarySearchFloats(float[], float, int)[2]" classname="arrays.ArraysTest" time="0.0"/>
  <testcase name="testBinarySearchFloats(float[], float, int)[3]" classname="arrays.ArraysTest" time="0.0"/>
  <testcase name="testBinarySearchFloats(float[], float, int)[4]" classname="arrays.ArraysTest" time="0.0"/>
  <testcase name="testBinarySearchFloats(float[], float, int)[5]" classname="arrays.ArraysTest" time="0.0"/>
  <testcase name="testBinarySearchFloats(float[], float, int)[6]" classname="arrays.ArraysTest" time="0.0"/>
  <testcase name="testBinarySearchFloats(float[], float, int)[7]" classname="arrays.ArraysTest" time="0.0"/>
  <testcase name="testBinarySearchFloatsBounded(float[], int, int, float, int)[1]" classname="arrays.ArraysTest" time="0.001"/>
  <testcase name="testBinarySearchFloatsBounded(float[], int, int, float, int)[2]" classname="arrays.ArraysTest" time="0.0"/>
  <testcase name="testBinarySearchFloatsBounded(float[], int, int, float, int)[3]" classname="arrays.ArraysTest" time="0.0"/>
  <testcase name="testBinarySearchFloatsBounded(float[], int, int, float, int)[4]" classname="arrays.ArraysTest" time="0.0"/>
  <testcase name="testBinarySearchFloatsBounded(float[], int, int, float, int)[5]" classname="arrays.ArraysTest" time="0.0"/>
  <testcase name="testBinarySearchShortBounded(short[], int, int, short, int)[1]" classname="arrays.ArraysTest" time="0.001"/>
  <testcase name="testBinarySearchShortBounded(short[], int, int, short, int)[2]" classname="arrays.ArraysTest" time="0.0"/>
  <testcase name="testBinarySearchShortBounded(short[], int, int, short, int)[3]" classname="arrays.ArraysTest" time="0.0"/>
  <testcase name="testBinarySearchShortBounded(short[], int, int, short, int)[4]" classname="arrays.ArraysTest" time="0.001"/>
  <testcase name="testBinarySearchShortBounded(short[], int, int, short, int)[5]" classname="arrays.ArraysTest" time="0.0"/>
  <testcase name="testBinarySearchShortBounded(short[], int, int, short, int)[6]" classname="arrays.ArraysTest" time="0.0"/>
  <testcase name="testBinarySearchInts(int[], int, int)[1]" classname="arrays.ArraysTest" time="0.001"/>
  <testcase name="testBinarySearchInts(int[], int, int)[2]" classname="arrays.ArraysTest" time="0.0"/>
  <testcase name="testBinarySearchInts(int[], int, int)[3]" classname="arrays.ArraysTest" time="0.001"/>
  <testcase name="testBinarySearchInts(int[], int, int)[4]" classname="arrays.ArraysTest" time="0.0"/>
  <testcase name="testBinarySearchInts(int[], int, int)[5]" classname="arrays.ArraysTest" time="0.0"/>
  <testcase name="testBinarySearchInts(int[], int, int)[6]" classname="arrays.ArraysTest" time="0.0"/>
</testsuite>